<?xml version="1.0" encoding="utf-8"?><testsuites name="pytest tests"><testsuite name="pytest" errors="0" failures="0" skipped="0" tests="7" time="1.531" timestamp="2026-04-25T23:18:53.959266+00:00" hostname="agent-env-e28f7b0a-d290-4f8f-9927-477834cbb174"><testcase classname="backend.tests.test_iteration23_b1_b5.TestAuthRequired" name="test_clear_messages_requires_auth" time="0.282" /><testcase classname="backend.tests.test_iteration23_b1_b5.TestAuthRequired" name="test_specialist_request_requires_auth" time="0.144" /><testcase classname="backend.tests.test_iteration23_b1_b5.TestClearChatMessages" name="test_clear_returns_proper_shape" time="0.271" /><testcase classname="backend.tests.test_iteration23_b1_b5.TestClearChatMessages" name="test_clear_does_not_touch_user_profile_or_intake" time="0.177" /><testcase classname="backend.tests.test_iteration23_b1_b5.TestSpecialistRequest" name="test_minimal_payload_only_contact" time="0.118" /><testcase classname="backend.tests.test_iteration23_b1_b5.TestSpecialistRequest" name="test_full_payload" time="0.113" /><testcase classname="backend.tests.test_iteration23_b1_b5.TestSpecialistRequest" name="test_missing_contact_returns_422" time="0.165" /></testsuite></testsuites>