<?xml version="1.0" encoding="utf-8"?><testsuites name="pytest tests"><testsuite name="pytest" errors="0" failures="0" skipped="0" tests="27" time="7.066" timestamp="2026-04-26T08:41:18.875843+00:00" hostname="agent-env-2eb5d4e5-47a8-48e0-a98b-38216adedc32"><testcase classname="tests.test_iteration28_refactor" name="test_chat_helpers_exports" time="0.000" /><testcase classname="tests.test_iteration28_refactor" name="test_chat_module_imports_from_helpers" time="0.000" /><testcase classname="tests.test_iteration28_refactor" name="test_strip_emotion_markers_via_helpers" time="0.000" /><testcase classname="tests.test_iteration28_refactor" name="test_pick_length_mode" time="0.000" /><testcase classname="tests.test_iteration28_refactor" name="test_build_length_directive_contains_rule_marker" time="0.000" /><testcase classname="tests.test_iteration28_refactor" name="test_extract_user_name" time="0.000" /><testcase classname="tests.test_iteration28_refactor" name="test_extract_homework" time="0.001" /><testcase classname="tests.test_iteration28_refactor" name="test_truncate_to_sentence" time="0.000" /><testcase classname="tests.test_iteration28_refactor" name="test_trim_messages" time="0.000" /><testcase classname="tests.test_iteration28_refactor" name="test_guest_auth_me" time="0.351" /><testcase classname="tests.test_iteration28_refactor" name="test_chat_sessions_endpoint" time="0.078" /><testcase classname="tests.test_iteration28_refactor" name="test_chat_notes_get_and_clear" time="0.117" /><testcase classname="tests.test_iteration28_refactor" name="test_chat_history_endpoint" time="0.046" /><testcase classname="tests.test_iteration28_refactor" name="test_clear_chat_messages" time="0.149" /><testcase classname="tests.test_iteration28_refactor" name="test_specialist_request" time="0.048" /><testcase classname="tests.test_iteration28_refactor" name="test_chat_sync" time="4.203" /><testcase classname="tests.test_iteration28_refactor" name="test_chat_stream" time="1.792" /><testcase classname="tests.test_strip_emotion_markers" name="test_strip_emotion_markers[(calm)(soft tone) \u042f \u0441\u043b\u044b\u0448\u0443 \u0442\u0435\u0431\u044f. \u042d\u0442\u043e \u0442\u044f\u0436\u0435\u043b\u043e.-\u042f \u0441\u043b\u044b\u0448\u0443 \u0442\u0435\u0431\u044f. \u042d\u0442\u043e \u0442\u044f\u0436\u0435\u043b\u043e.]" time="0.000" /><testcase classname="tests.test_strip_emotion_markers" name="test_strip_emotion_markers[(warm)(gentle) \u0425\u043c... \u043f\u043e\u043d\u0438\u043c\u0430\u044e.-\u0425\u043c... \u043f\u043e\u043d\u0438\u043c\u0430\u044e.]" time="0.000" /><testcase classname="tests.test_strip_emotion_markers" name="test_strip_emotion_markers[\u0422\u0435\u043a\u0441\u0442 (sighing) \u0441 \u043f\u0430\u0443\u0437\u043e\u0439.-\u0422\u0435\u043a\u0441\u0442 \u0441 \u043f\u0430\u0443\u0437\u043e\u0439.]" time="0.000" /><testcase classname="tests.test_strip_emotion_markers" name="test_strip_emotion_markers[\u0412\u043e\u043f\u0440\u043e\u0441 (thoughtful): \u0447\u0442\u043e \u0442\u044b \u0447\u0443\u0432\u0441\u0442\u0432\u0443\u0435\u0448\u044c?-\u0412\u043e\u043f\u0440\u043e\u0441: \u0447\u0442\u043e \u0442\u044b \u0447\u0443\u0432\u0441\u0442\u0432\u0443\u0435\u0448\u044c?]" time="0.000" /><testcase classname="tests.test_strip_emotion_markers" name="test_strip_emotion_markers[(soft tone)  (thoughtful) \u0414\u0430\u0432\u0430\u0439 \u043f\u043e\u0434\u0443\u043c\u0430\u0435\u043c.-\u0414\u0430\u0432\u0430\u0439 \u043f\u043e\u0434\u0443\u043c\u0430\u0435\u043c.]" time="0.000" /><testcase classname="tests.test_strip_emotion_markers" name="test_strip_emotion_markers[\u041e\u0431\u044b\u0447\u043d\u044b\u0439 \u0442\u0435\u043a\u0441\u0442 \u0431\u0435\u0437 \u043c\u0430\u0440\u043a\u0435\u0440\u043e\u0432.-\u041e\u0431\u044b\u0447\u043d\u044b\u0439 \u0442\u0435\u043a\u0441\u0442 \u0431\u0435\u0437 \u043c\u0430\u0440\u043a\u0435\u0440\u043e\u0432.]" time="0.000" /><testcase classname="tests.test_strip_emotion_markers" name="test_strip_emotion_markers[(calm) \u041f\u0440\u0438\u0432\u0435\u0442, (\u0418\u0432\u0430\u043d)! \u041a\u0430\u043a \u0442\u044b?-\u041f\u0440\u0438\u0432\u0435\u0442, (\u0418\u0432\u0430\u043d)! \u041a\u0430\u043a \u0442\u044b?]" time="0.000" /><testcase classname="tests.test_strip_emotion_markers" name="test_strip_emotion_markers[-]" time="0.000" /><testcase classname="tests.test_strip_emotion_markers" name="test_none_input_is_safe" time="0.000" /><testcase classname="tests.test_strip_emotion_markers" name="test_does_not_eat_legitimate_parenthetical" time="0.000" /></testsuite></testsuites>