<?xml version="1.0" encoding="utf-8"?><testsuites name="pytest tests"><testsuite name="pytest" errors="0" failures="0" skipped="0" tests="6" time="9.419" timestamp="2026-04-25T23:56:24.455833+00:00" hostname="agent-env-eee73eef-9cc8-4752-a4da-0612f9c20eed"><testcase classname="tests.test_iteration24_streaming.TestChatStream" name="test_stream_anonymous_returns_sse_with_deltas_and_done" time="2.177" /><testcase classname="tests.test_iteration24_streaming.TestChatStream" name="test_stream_voice_male_responds_as_leon" time="2.197" /><testcase classname="tests.test_iteration24_streaming.TestChatStream" name="test_stream_voice_female_responds_as_kylie" time="2.100" /><testcase classname="tests.test_iteration24_streaming.TestChatNonStreaming" name="test_chat_returns_200_and_message" time="2.789" /><testcase classname="tests.test_iteration24_streaming.TestConfigUpdates" name="test_voice_config_emotion_marker_includes_warm" time="0.000" /><testcase classname="tests.test_iteration24_streaming.TestConfigUpdates" name="test_system_prompt_contains_warm_style_line" time="0.000" /></testsuite></testsuites>