<?xml version="1.0" encoding="utf-8"?><testsuites name="pytest tests"><testsuite name="pytest" errors="0" failures="0" skipped="15" tests="48" time="72.225" timestamp="2026-04-26T02:03:40.088475+00:00" hostname="agent-env-cce9848d-8422-48be-932f-99e255d61775"><testcase classname="backend.tests.test_session_notes.TestSessionNotesAuth" name="test_get_notes_requires_auth" time="0.118" /><testcase classname="backend.tests.test_session_notes.TestSessionNotesAuth" name="test_delete_notes_requires_auth" time="0.101" /><testcase classname="backend.tests.test_session_notes.TestGetNotesEmpty" name="test_get_notes_returns_200" time="0.122"><skipped type="pytest.skip" message="Auth failed for test@test.com: 401 {&quot;detail&quot;:&quot;Invalid email or password&quot;}">/app/backend/tests/test_session_notes.py:30: Auth failed for test@test.com: 401 {"detail":"Invalid email or password"}</skipped></testcase><testcase classname="backend.tests.test_session_notes.TestGetNotesEmpty" name="test_get_notes_has_notes_field" time="0.114"><skipped type="pytest.skip" message="Auth failed for test@test.com: 401 {&quot;detail&quot;:&quot;Invalid email or password&quot;}">/app/backend/tests/test_session_notes.py:30: Auth failed for test@test.com: 401 {"detail":"Invalid email or password"}</skipped></testcase><testcase classname="backend.tests.test_session_notes.TestGetNotesEmpty" name="test_get_notes_has_updated_at_field" time="0.118"><skipped type="pytest.skip" message="Auth failed for test@test.com: 401 {&quot;detail&quot;:&quot;Invalid email or password&quot;}">/app/backend/tests/test_session_notes.py:30: Auth failed for test@test.com: 401 {"detail":"Invalid email or password"}</skipped></testcase><testcase classname="backend.tests.test_session_notes.TestGetNotesEmpty" name="test_fresh_guest_has_empty_notes" time="0.366" /><testcase classname="backend.tests.test_session_notes.TestDeleteNotes" name="test_delete_notes_returns_200" time="0.108"><skipped type="pytest.skip" message="Auth failed for test@test.com: 401 {&quot;detail&quot;:&quot;Invalid email or password&quot;}">/app/backend/tests/test_session_notes.py:30: Auth failed for test@test.com: 401 {"detail":"Invalid email or password"}</skipped></testcase><testcase classname="backend.tests.test_session_notes.TestDeleteNotes" name="test_delete_notes_returns_message" time="0.113"><skipped type="pytest.skip" message="Auth failed for test@test.com: 401 {&quot;detail&quot;:&quot;Invalid email or password&quot;}">/app/backend/tests/test_session_notes.py:30: Auth failed for test@test.com: 401 {"detail":"Invalid email or password"}</skipped></testcase><testcase classname="backend.tests.test_session_notes.TestDeleteNotes" name="test_notes_empty_after_delete" time="0.113"><skipped type="pytest.skip" message="Auth failed for test@test.com: 401 {&quot;detail&quot;:&quot;Invalid email or password&quot;}">/app/backend/tests/test_session_notes.py:30: Auth failed for test@test.com: 401 {"detail":"Invalid email or password"}</skipped></testcase><testcase classname="backend.tests.test_session_notes.TestDeleteNotes" name="test_delete_is_idempotent" time="0.113"><skipped type="pytest.skip" message="Auth failed for test@test.com: 401 {&quot;detail&quot;:&quot;Invalid email or password&quot;}">/app/backend/tests/test_session_notes.py:30: Auth failed for test@test.com: 401 {"detail":"Invalid email or password"}</skipped></testcase><testcase classname="backend.tests.test_session_notes.TestSessionNotesTrigger" name="test_notes_populated_after_6_messages" time="31.588" /><testcase classname="backend.tests.test_session_notes.TestSessionNotesTrigger" name="test_updated_at_set_after_6_messages" time="0.119" /><testcase classname="backend.tests.test_session_notes.TestSessionNotesTrigger" name="test_notes_are_string_type" time="0.112" /><testcase classname="backend.tests.test_session_notes.TestSessionNotesTrigger" name="test_notes_within_1500_char_cap" time="0.110" /><testcase classname="backend.tests.test_session_notes.TestSessionNotesTrigger" name="test_delete_notes_after_6_messages" time="0.357" /><testcase classname="backend.tests.test_session_notes.TestLoadPersonalContext" name="test_chat_works_for_user_with_notes" time="0.112"><skipped type="pytest.skip" message="Auth failed for test@test.com: 401 {&quot;detail&quot;:&quot;Invalid email or password&quot;}">/app/backend/tests/test_session_notes.py:30: Auth failed for test@test.com: 401 {"detail":"Invalid email or password"}</skipped></testcase><testcase classname="backend.tests.test_session_notes.TestAuthMeRegression" name="test_auth_me_returns_200" time="0.109"><skipped type="pytest.skip" message="Auth failed for test@test.com: 401 {&quot;detail&quot;:&quot;Invalid email or password&quot;}">/app/backend/tests/test_session_notes.py:30: Auth failed for test@test.com: 401 {"detail":"Invalid email or password"}</skipped></testcase><testcase classname="backend.tests.test_session_notes.TestAuthMeRegression" name="test_auth_me_returns_correct_email" time="0.122"><skipped type="pytest.skip" message="Auth failed for test@test.com: 401 {&quot;detail&quot;:&quot;Invalid email or password&quot;}">/app/backend/tests/test_session_notes.py:30: Auth failed for test@test.com: 401 {"detail":"Invalid email or password"}</skipped></testcase><testcase classname="backend.tests.test_session_notes.TestAuthMeRegression" name="test_auth_me_has_required_fields" time="0.111"><skipped type="pytest.skip" message="Auth failed for test@test.com: 401 {&quot;detail&quot;:&quot;Invalid email or password&quot;}">/app/backend/tests/test_session_notes.py:30: Auth failed for test@test.com: 401 {"detail":"Invalid email or password"}</skipped></testcase><testcase classname="backend.tests.test_session_notes.TestAuthMeRegression" name="test_auth_me_role_is_user" time="0.104"><skipped type="pytest.skip" message="Auth failed for test@test.com: 401 {&quot;detail&quot;:&quot;Invalid email or password&quot;}">/app/backend/tests/test_session_notes.py:30: Auth failed for test@test.com: 401 {"detail":"Invalid email or password"}</skipped></testcase><testcase classname="backend.tests.test_session_notes.TestAuthMeRegression" name="test_admin_auth_me" time="0.431" /><testcase classname="backend.tests.test_session_notes.TestChatHistoryRegression" name="test_history_requires_auth" time="0.104" /><testcase classname="backend.tests.test_session_notes.TestChatHistoryRegression" name="test_history_returns_200_for_valid_session" time="0.112"><skipped type="pytest.skip" message="Auth failed for test@test.com: 401 {&quot;detail&quot;:&quot;Invalid email or password&quot;}">/app/backend/tests/test_session_notes.py:30: Auth failed for test@test.com: 401 {"detail":"Invalid email or password"}</skipped></testcase><testcase classname="backend.tests.test_session_notes.TestChatHistoryRegression" name="test_history_returns_messages_list" time="0.111"><skipped type="pytest.skip" message="Auth failed for test@test.com: 401 {&quot;detail&quot;:&quot;Invalid email or password&quot;}">/app/backend/tests/test_session_notes.py:30: Auth failed for test@test.com: 401 {"detail":"Invalid email or password"}</skipped></testcase><testcase classname="backend.tests.test_session_notes.TestChatHistoryRegression" name="test_history_empty_for_nonexistent_session" time="0.135"><skipped type="pytest.skip" message="Auth failed for test@test.com: 401 {&quot;detail&quot;:&quot;Invalid email or password&quot;}">/app/backend/tests/test_session_notes.py:30: Auth failed for test@test.com: 401 {"detail":"Invalid email or password"}</skipped></testcase><testcase classname="backend.tests.test_iteration19_full_regression" name="test_health" time="0.115" /><testcase classname="backend.tests.test_iteration19_full_regression" name="test_guest_auth_returns_jwt" time="0.058" /><testcase classname="backend.tests.test_iteration19_full_regression" name="test_admin_login_returns_jwt" time="0.272" /><testcase classname="backend.tests.test_iteration19_full_regression" name="test_admin_me" time="0.106" /><testcase classname="backend.tests.test_iteration19_full_regression" name="test_chat_long_reply_ends_on_sentence[ru-\u041f\u0440\u0438\u0432\u0435\u0442! \u0420\u0430\u0441\u0441\u043a\u0430\u0436\u0438 \u043f\u043e\u0434\u0440\u043e\u0431\u043d\u043e \u0447\u0442\u043e \u0442\u0430\u043a\u043e\u0435 \u043a\u043e\u0433\u043d\u0438\u0442\u0438\u0432\u043d\u043e-\u043f\u043e\u0432\u0435\u0434\u0435\u043d\u0447\u0435\u0441\u043a\u0430\u044f \u0442\u0435\u0440\u0430\u043f\u0438\u044f \u0438 \u043f\u0440\u0438\u0432\u0435\u0434\u0438 10 \u0442\u0435\u0445\u043d\u0438\u043a.]" time="4.048" /><testcase classname="backend.tests.test_iteration19_full_regression" name="test_chat_long_reply_ends_on_sentence[en-Hello, can you describe in detail what cognitive-behavioural therapy is and list 10 techniques?]" time="4.068" /><testcase classname="backend.tests.test_iteration19_full_regression" name="test_encryption_at_rest" time="2.572" /><testcase classname="backend.tests.test_iteration19_full_regression" name="test_tts_mp3[male]" time="1.075" /><testcase classname="backend.tests.test_iteration19_full_regression" name="test_tts_mp3[female]" time="0.879" /><testcase classname="backend.tests.test_iteration19_full_regression" name="test_agent_switch_sessions_coexist" time="7.101" /><testcase classname="backend.tests.test_iteration19_full_regression" name="test_bookings_slots" time="0.056" /><testcase classname="backend.tests.test_iteration19_full_regression" name="test_tariffs" time="0.057" /><testcase classname="backend.tests.test_iteration19_full_regression" name="test_put_user_voice_persists" time="0.306" /><testcase classname="backend.tests.test_iteration19_full_regression" name="test_pwa_manifest_served" time="0.106" /><testcase classname="backend.tests.test_iteration19_full_regression" name="test_pwa_service_worker_served" time="0.109" /><testcase classname="backend.tests.test_iteration19_full_regression" name="test_pwa_icons_served[/icon-192.png]" time="0.110" /><testcase classname="backend.tests.test_iteration19_full_regression" name="test_pwa_icons_served[/icon-512.png]" time="0.140" /><testcase classname="backend.tests.test_iteration20_unlimited_intake.TestChatUnlimited" name="test_chat_basic_no_tariff" time="2.698" /><testcase classname="backend.tests.test_iteration20_unlimited_intake.TestChatUnlimited" name="test_chat_long_session_still_unlimited" time="7.151" /><testcase classname="backend.tests.test_iteration20_unlimited_intake.TestChatUnlimited" name="test_chat_with_anketa_intake_summary" time="4.524" /><testcase classname="backend.tests.test_iteration20_unlimited_intake.TestTTSStreaming" name="test_tts_female_streams_mp3_oksana_voice" time="0.395" /><testcase classname="backend.tests.test_iteration20_unlimited_intake.TestTTSStreaming" name="test_tts_male_returns_mp3" time="0.745" /><testcase classname="backend.tests.test_iteration20_unlimited_intake.TestStaticGreetings" name="test_oksana_greeting_mp3_optional" time="0.190" /></testsuite></testsuites>