<?xml version="1.0" encoding="utf-8"?><testsuites name="pytest tests"><testsuite name="pytest" errors="0" failures="1" skipped="0" tests="14" time="3.602" timestamp="2026-04-26T02:03:18.322435+00:00" hostname="agent-env-cce9848d-8422-48be-932f-99e255d61775"><testcase classname="backend.tests.test_iteration27_cookie_auth_tts_strict.TestCookieAuth" name="test_guest_sets_cookies" time="0.220" /><testcase classname="backend.tests.test_iteration27_cookie_auth_tts_strict.TestCookieAuth" name="test_login_admin_sets_cookies" time="0.367" /><testcase classname="backend.tests.test_iteration27_cookie_auth_tts_strict.TestCookieAuth" name="test_register_sets_cookies" time="0.341" /><testcase classname="backend.tests.test_iteration27_cookie_auth_tts_strict.TestCookieAuth" name="test_me_via_cookie_only" time="0.167" /><testcase classname="backend.tests.test_iteration27_cookie_auth_tts_strict.TestCookieAuth" name="test_me_via_bearer_only" time="0.486" /><testcase classname="backend.tests.test_iteration27_cookie_auth_tts_strict.TestCookieAuth" name="test_me_no_auth_returns_401" time="0.105" /><testcase classname="backend.tests.test_iteration27_cookie_auth_tts_strict.TestCookieAuth" name="test_logout_clears_cookies" time="0.240" /><testcase classname="backend.tests.test_iteration27_cookie_auth_tts_strict.TestTTSStrictVoice" name="test_tts_male_200" time="0.499" /><testcase classname="backend.tests.test_iteration27_cookie_auth_tts_strict.TestTTSStrictVoice" name="test_tts_female_200" time="0.418" /><testcase classname="backend.tests.test_iteration27_cookie_auth_tts_strict.TestTTSStrictVoice" name="test_tts_empty_voice_400" time="0.115" /><testcase classname="backend.tests.test_iteration27_cookie_auth_tts_strict.TestTTSStrictVoice" name="test_tts_null_voice_400" time="0.120" /><testcase classname="backend.tests.test_iteration27_cookie_auth_tts_strict.TestTTSStrictVoice" name="test_tts_unknown_voice_400" time="0.106" /><testcase classname="backend.tests.test_iteration27_cookie_auth_tts_strict.TestTTSStrictVoice" name="test_tts_no_voice_param_defaults_male_200" time="0.109" /><testcase classname="backend.tests.test_iteration27_cookie_auth_tts_strict.TestChatCookieAuth" name="test_chat_stream_with_cookie_only" time="0.155"><failure message="AssertionError: {&quot;detail&quot;:[{&quot;type&quot;:&quot;missing&quot;,&quot;loc&quot;:[&quot;body&quot;,&quot;session_id&quot;],&quot;msg&quot;:&quot;Field required&quot;,&quot;input&quot;:{&quot;message&quot;:&quot;Привет&quot;,&quot;voice&quot;:&quot;male&quot;},&quot;url&quot;:&quot;https://errors.pydantic.dev/2.12/v/missing&quot;}]}&#10;assert 422 == 200&#10; +  where 422 = &lt;Response [422]&gt;.status_code">backend/tests/test_iteration27_cookie_auth_tts_strict.py:175: in test_chat_stream_with_cookie_only
    assert r.status_code == 200, r.text[:300]
E   AssertionError: {"detail":[{"type":"missing","loc":["body","session_id"],"msg":"Field required","input":{"message":"Привет","voice":"male"},"url":"https://errors.pydantic.dev/2.12/v/missing"}]}
E   assert 422 == 200
E    +  where 422 = &lt;Response [422]&gt;.status_code</failure></testcase></testsuite></testsuites>